build/app/outputs/mapping/release/seeds.txt
com.example.croma.MainActivity
com.example.croma.MainActivity: MainActivity()
...
androidx.appcompat.widget.AppCompatRadioButton: void setSupportButtonTintList(android.content.res.ColorStateList)
androidx.appcompat.widget.AppCompatImageButton: void setSupportBackgroundTintList(android.content.res.ColorStateList)
androidx.work.ListenableWorker: androidx.work.WorkerFactory getWorkerFactory()
androidx.window.layout.WindowMetricsCalculator: androidx.window.layout.WindowMetricsCalculator$Companion Companion
com.google.android.gms.internal.ads.zzein$zza: int zzikx
androidx.core.view.MarginLayoutParamsCompat$Api17Impl: void resolveLayoutDirection(android.view.ViewGroup$MarginLayoutParams,int)
com.google.android.gms.internal.ads.zzvx: android.os.Parcelable$Creator CREATOR
kotlinx.coroutines.scheduling.WorkQueue: java.lang.Object lastScheduledTask
kotlinx.coroutines.channels.LinkedListChannel
com.google.android.gms.internal.ads.zzuh$zzj: com.google.android.gms.internal.ads.zzuh$zzj zzcdh
androidx.appcompat.widget.AppCompatSpinner: android.content.res.ColorStateList getSupportBackgroundTintList()
com.google.android.gms.internal.ads.zzeqz$zzb: boolean zzjbq
androidx.appcompat.widget.AppCompatRadioButton: void setButtonDrawable(int)
androidx.appcompat.widget.Toolbar: java.lang.CharSequence getNavigationContentDescription()
com.dexterous.flutterlocalnotifications.models.NotificationDetails: java.lang.Boolean usesChronometer
com.google.android.gms.internal.ads.zzuh$zzo: int zzceq
androidx.appcompat.widget.Toolbar: void setNavigationOnClickListener(android.view.View$OnClickListener)
androidx.core.content.ContextCompat$Api23Impl: int getColor(android.content.Context,int)
org.threeten.bp.Period: java.lang.Object readResolve()
com.google.android.gms.internal.ads.zzaqt
com.google.android.gms.internal.measurement.zzcd$zzc: int zzc
com.dexterous.flutterlocalnotifications.FlutterLocalNotificationsPlugin: java.lang.String PERIODICALLY_SHOW_METHOD
kotlin.jvm.internal.FunctionReferenceImpl: FunctionReferenceImpl(int,java.lang.Class,java.lang.String,java.lang.String,int)
com.google.android.gms.ads.formats.UnifiedNativeAdView: void setCallToActionView(android.view.View)
com.google.android.gms.internal.measurement.zzck$zzd
com.google.android.gms.internal.ads.zzcf$zzd: com.google.android.gms.internal.ads.zzeow zzek
com.google.android.gms.internal.ads.zzegf: com.google.android.gms.internal.ads.zzegj zzihq
androidx.window.embedding.EmbeddingBackend: void registerRule(androidx.window.embedding.EmbeddingRule)
com.dexterous.flutterlocalnotifications.ScheduledNotificationBootReceiver: void onReceive(android.content.Context,android.content.Intent)
androidx.work.impl.utils.futures.AbstractFuture: androidx.work.impl.utils.futures.AbstractFuture$Listener listeners
androidx.window.layout.SidecarCompat$FirstAttachAdapter: SidecarCompat$FirstAttachAdapter(androidx.window.layout.SidecarCompat,android.app.Activity)
com.google.android.gms.measurement.AppMeasurement: java.util.Map getUserProperties(java.lang.String,java.lang.String,boolean)
androidx.core.widget.TextViewCompat$Api16Impl: boolean getIncludeFontPadding(android.widget.TextView)
androidx.core.app.RemoteInput$Api20Impl: android.os.Bundle getResultsFromIntent(android.content.Intent)
com.google.android.gms.internal.measurement.zzcd$zzg: java.lang.String zzan
androidx.core.text.ICUCompat$Api24Impl: java.lang.String getScript(java.lang.Object)
com.google.android.gms.ads.mediation.customevent.CustomEventInterstitial: void onResume()
com.dexterous.flutterlocalnotifications.models.NotificationDetails: java.lang.String CONVERSATION_TITLE
androidx.window.embedding.ActivityRule: androidx.window.embedding.ActivityRule plus$window_release(androidx.window.embedding.ActivityFilter)
androidx.window.embedding.ActivityRule: boolean getAlwaysExpand()
com.google.android.gms.internal.ads.zzega: com.google.android.gms.internal.ads.zzeow zzek
com.dexterous.flutterlocalnotifications.models.NotificationChannelDetails: java.lang.String LED_COLOR_BLUE
io.flutter.embedding.engine.FlutterJNI: void nativeDestroy(long)