build/app/outputs/mapping/release/mapping.txt
# compiler: R8
# compiler_version: 2.1.62
# min_api: 21
# pg_map_id: 5d0c05f
# common_typos_disable
...
com.google.android.gms.internal.ads.zzein$zza$zza -> com.google.android.gms.internal.ads.s42$a$a:
    com.google.android.gms.internal.ads.zzein$zza$zza zzhw(java.lang.String) -> B
    com.google.android.gms.internal.ads.zzein$zza$zza zzb(com.google.android.gms.internal.ads.zzeid) -> w
    com.google.android.gms.internal.ads.zzein$zza$zza zzb(com.google.android.gms.internal.ads.zzeiw) -> x
    com.google.android.gms.internal.ads.zzein$zza$zza zzfw(int) -> z
com.google.android.gms.internal.ads.zzein$zzb -> com.google.android.gms.internal.ads.s42$b:
    com.google.android.gms.internal.ads.zzein$zzb zzb(com.google.android.gms.internal.ads.zzein$zza) -> w
    com.google.android.gms.internal.ads.zzein$zzb zzfv(int) -> x
com.google.android.gms.internal.ads.zzeio -> com.google.android.gms.internal.ads.t42:
    int getVersion() -> J
    void setVersion(int) -> K
    void zza(com.google.android.gms.internal.ads.zzeio,int) -> L
    void zza(com.google.android.gms.internal.ads.zzeio,com.google.android.gms.internal.ads.zzeir) -> M
    void zza(com.google.android.gms.internal.ads.zzeir) -> N
    com.google.android.gms.internal.ads.zzeir zzbfu() -> O
    com.google.android.gms.internal.ads.zzeio$zza zzbfv() -> P
    com.google.android.gms.internal.ads.zzeio zzbfw() -> Q
    com.google.android.gms.internal.ads.zzeio zzv(com.google.android.gms.internal.ads.zzelq,com.google.android.gms.internal.ads.zzemn) -> R
    java.lang.Object zza(int,java.lang.Object,java.lang.Object) -> w
com.google.android.gms.internal.ads.zzeio$zza -> com.google.android.gms.internal.ads.t42$a:
    com.google.android.gms.internal.ads.zzeio$zza zzb(com.google.android.gms.internal.ads.zzeir) -> w
    com.google.android.gms.internal.ads.zzeio$zza zzfx(int) -> x
com.google.android.gms.internal.ads.zzeip -> com.google.android.gms.internal.ads.u42:
    int[] zzel -> a
com.google.android.gms.internal.ads.zzeiq -> com.google.android.gms.internal.ads.v42:
    int[] zzel -> a
com.google.android.gms.internal.ads.zzeir -> com.google.android.gms.internal.ads.w42:
    java.lang.String zzbfx() -> J
    com.google.android.gms.internal.ads.zzeir zzbfy() -> K
    com.google.android.gms.internal.ads.zzeir zzbfz() -> L
    com.google.android.gms.internal.ads.zzeir zzw(com.google.android.gms.internal.ads.zzelq,com.google.android.gms.internal.ads.zzemn) -> M
    java.lang.Object zza(int,java.lang.Object,java.lang.Object) -> w
com.google.android.gms.internal.ads.zzeir$zza -> com.google.android.gms.internal.ads.w42$a:
com.google.android.gms.internal.ads.zzeis -> com.google.android.gms.internal.ads.x42:
    int getVersion() -> J
    void setVersion(int) -> K
    void zza(com.google.android.gms.internal.ads.zzeis,int) -> L
    void zza(com.google.android.gms.internal.ads.zzeis,com.google.android.gms.internal.ads.zzeiv) -> M
    void zza(com.google.android.gms.internal.ads.zzeiv) -> N
    com.google.android.gms.internal.ads.zzeiv zzbga() -> O
    com.google.android.gms.internal.ads.zzeis$zza zzbgb() -> P
    com.google.android.gms.internal.ads.zzeis zzbgc() -> Q
    com.google.android.gms.internal.ads.zzeis zzx(com.google.android.gms.internal.ads.zzelq,com.google.android.gms.internal.ads.zzemn) -> R
    java.lang.Object zza(int,java.lang.Object,java.lang.Object) -> w
com.google.android.gms.internal.ads.zzeis$zza -> com.google.android.gms.internal.ads.x42$a:
    com.google.android.gms.internal.ads.zzeis$zza zzb(com.google.android.gms.internal.ads.zzeiv) -> w
    com.google.android.gms.internal.ads.zzeis$zza zzfy(int) -> x
com.google.android.gms.internal.ads.zzeit -> com.google.android.gms.internal.ads.y42:
    int[] zzel -> a
com.google.android.gms.internal.ads.zzeiu -> com.google.android.gms.internal.ads.z42:
    int[] zzel -> a