build/app/outputs/mapping/release/usage.txt
com.example.croma.R$integer
com.example.croma.R$layout
com.example.croma.R$dimen
com.example.croma.R$animator
com.example.croma.R$interpolator
com.example.croma.R
com.example.croma.R$color
com.example.croma.BuildConfig
com.example.croma.R$string
com.example.croma.R$style
com.example.croma.R$bool
com.example.croma.R$mipmap
com.example.croma.R$xml
com.example.croma.R$attr
com.example.croma.R$drawable
com.example.croma.R$id
com.example.croma.R$array
com.example.croma.R$styleable
com.example.croma.R$anim
...
kotlinx.coroutines.channels.ChannelsKt__DeprecatedKt$toCollection$1
com.google.common.util.concurrent.ForwardingListeningExecutorService
androidx.core.view.WindowInsetsCompat:
    public boolean hasSystemWindowInsets()
    public boolean hasInsets()
    public boolean isConsumed()
    public boolean isRound()
    public androidx.core.view.WindowInsetsCompat replaceSystemWindowInsets(android.graphics.Rect)
    public int getStableInsetTop()
    public int getStableInsetLeft()
    public int getStableInsetRight()
    public int getStableInsetBottom()
    public boolean hasStableInsets()
    public androidx.core.graphics.Insets getSystemWindowInsets()
    public androidx.core.graphics.Insets getMandatorySystemGestureInsets()
    public androidx.core.graphics.Insets getTappableElementInsets()
    public androidx.core.graphics.Insets getSystemGestureInsets()
    public androidx.core.view.WindowInsetsCompat inset(androidx.core.graphics.Insets)
    public androidx.core.graphics.Insets getInsetsIgnoringVisibility(int)
    public boolean isVisible(int)
    private static final java.lang.String TAG
com.google.android.gms.internal.ads.zzatc
androidx.core.content.res.ResourcesCompat$Api29Impl
androidx.work.impl.constraints.WorkConstraintsTracker:
    void <init>(androidx.work.impl.constraints.WorkConstraintsCallback,androidx.work.impl.constraints.controllers.ConstraintController[])
kotlinx.coroutines.android.HandlerContext$invokeOnTimeout$$inlined$DisposableHandle$1
android.support.v4.media.session.MediaControllerCompat
kotlin.sequences.TransformingSequence$iterator$1:
    public final java.util.Iterator getIterator()
com.google.android.gms.maps.internal.zzay
androidx.appcompat.widget.AppCompatRatingBar:
    public void <init>(android.content.Context)
com.google.android.gms.internal.ads.zzsl
android.support.customtabs.IPostMessageService$Stub
com.google.android.gms.internal.auth.zzhm
androidx.work.impl.utils.SynchronousExecutor
androidx.core.location.LocationManagerCompat$LocationListenerKey
com.google.common.cache.LocalCache$EntrySet
com.google.common.collect.ImmutableRangeSet$SerializedForm
androidx.fragment.R$id:
    private void <init>()
    public static final int accessibility_action_clickable_span
    public static final int accessibility_custom_action_0
    public static final int accessibility_custom_action_1
    public static final int accessibility_custom_action_10
    public static final int accessibility_custom_action_11
    public static final int accessibility_custom_action_12
    public static final int accessibility_custom_action_13
    public static final int accessibility_custom_action_14
    public static final int accessibility_custom_action_15
    public static final int accessibility_custom_action_16
    public static final int accessibility_custom_action_17
    public static final int accessibility_custom_action_18
    public static final int accessibility_custom_action_19
    public static final int accessibility_custom_action_2
    public static final int accessibility_custom_action_20
    public static final int accessibility_custom_action_21
    public static final int accessibility_custom_action_22
    public static final int accessibility_custom_action_23
    public static final int accessibility_custom_action_24
    public static final int accessibility_custom_action_25
    public static final int accessibility_custom_action_26
    public static final int accessibility_custom_action_27
    public static final int accessibility_custom_action_28
    public static final int accessibility_custom_action_29
com.google.common.graph.AbstractNetwork$2
com.google.common.util.concurrent.ServiceManager$ServiceManagerState$1
com.google.common.collect.ForwardingImmutableList
org.threeten.bp.chrono.Era:
    public abstract java.lang.String getDisplayName(org.threeten.bp.format.TextStyle,java.util.Locale)
androidx.core.view.WindowInsetsControllerCompat$OnControllableInsetsChangedListener